[00:18:28] [Server thread/INFO]: Churrupakin issued server command: /weather sun
[00:18:37] [User Authenticator #9/INFO]: UUID of player XxMatos15 is 2a9ff858-04dc-3136-97df-619a6316d09a
[00:18:37] [Server thread/INFO]: XxMatos15 joined the game
[00:18:37] [Server thread/INFO]: XxMatos15[/172.28.131.63:56741] logged in with entity id 84513 at ([world]1299.9355796117907, 63.0, -1927.7736791315986)
[00:25:12] [Server thread/INFO]: XxMatos15 was shot by Skeleton
[00:25:15] [Async Chat Thread - #47/INFO]: [Not Secure] Owner Churrupakin : xd
[00:27:12] [Server thread/INFO]: Churrupakin issued server command: /gamemode c
[00:27:15] [Server thread/INFO]: Churrupakin issued server command: /gamemode creative
[00:27:37] [Server thread/INFO]: Churrupakin issued server command: /gamemode survival
[00:31:25] [Craft Scheduler Thread - 42 - Orebfuscator/INFO]: [Orebfuscator] CacheFileCleanupTask successfully deleted 5 cache file(s)
[00:32:43] [Async Chat Thread - #49/INFO]: [Not Secure] Heroico  XxMatos15 : matias
[00:32:46] [Async Chat Thread - #49/INFO]: [Not Secure] Owner Churrupakin : dime
[00:32:48] [Async Chat Thread - #50/INFO]: [Not Secure] Heroico  XxMatos15 : tienes cuero?
[00:32:54] [Async Chat Thread - #49/INFO]: [Not Secure] Heroico  XxMatos15 : xd
[00:33:19] [Async Chat Thread - #49/INFO]: [Not Secure] Owner Churrupakin : nd
[00:33:23] [Async Chat Thread - #50/INFO]: [Not Secure] Heroico  XxMatos15 : ya
[00:33:25] [Async Chat Thread - #50/INFO]: [Not Secure] Owner Churrupakin : para q?
[00:33:32] [Async Chat Thread - #50/INFO]: [Not Secure] Heroico  XxMatos15 : pa hacer librerias
[00:33:43] [Async Chat Thread - #50/INFO]: [Not Secure] Owner Churrupakin : tengo aldeanos q cambian esmeraldas por eso
[00:33:52] [Async Chat Thread - #50/INFO]: [Not Secure] Heroico  XxMatos15 : cuanto esmeralda
[00:33:56] [Async Chat Thread - #50/INFO]: [Not Secure] Owner Churrupakin : 9
[00:34:11] [Async Chat Thread - #50/INFO]: [Not Secure] Owner Churrupakin : y algunos a 4
[00:34:20] [Async Chat Thread - #50/INFO]: [Not Secure] Heroico  XxMatos15 : tradean libreria o cuero?
[00:34:29] [Async Chat Thread - #50/INFO]: [Not Secure] Owner Churrupakin : libreria
[00:34:34] [Async Chat Thread - #50/INFO]: [Not Secure] Heroico  XxMatos15 : ya
[00:34:55] [Async Chat Thread - #50/INFO]: [Not Secure] Owner Churrupakin : te tpeo?
[00:35:04] [Async Chat Thread - #49/INFO]: [Not Secure] Heroico  XxMatos15 : me flata esmeralda xddddddddddd
[00:35:35] [Async Chat Thread - #49/INFO]: [Not Secure] Owner Churrupakin : ven te doy hierro y un poco de esme para q tradees
[00:35:44] [Async Chat Thread - #49/INFO]: [Not Secure] Heroico  XxMatos15 : yaya
[00:35:50] [Server thread/INFO]: Churrupakin issued server command: /tp XxMatos15 Churrupakin
[00:36:24] [Server thread/INFO]: Churrupakin issued server command: /fac unclaim
[00:36:33] [Server thread/INFO]: Churrupakin issued server command: /fac unclaim
[00:36:39] [Server thread/INFO]: Churrupakin issued server command: /fac unclaim
[00:36:49] [Async Chat Thread - #51/INFO]: [Not Secure] Owner Churrupakin : tienes madera de desierto?
[00:37:04] [Async Chat Thread - #51/INFO]: [Not Secure] Heroico  XxMatos15 : nd
[00:38:39] [Async Chat Thread - #53/INFO]: [Not Secure] Heroico  XxMatos15 : listo
[00:38:46] [Async Chat Thread - #53/INFO]: [Not Secure] Owner Churrupakin : ya
[00:38:52] [Async Chat Thread - #53/INFO]: [Not Secure] Heroico  XxMatos15 : tpeame a mi choza vip
[00:38:57] [Server thread/INFO]: Churrupakin issued server command: /fac claim
[00:39:02] [Async Chat Thread - #53/INFO]: [Not Secure] Owner Churrupakin : pasa cord
[00:39:04] [Async Chat Thread - #53/INFO]: [Not Secure] Owner Churrupakin : pasa cord
[00:39:06] [Server thread/INFO]: Churrupakin issued server command: /fac claim
[00:39:11] [Server thread/INFO]: Churrupakin issued server command: /fac claim
[00:39:17] [Async Chat Thread - #53/INFO]: [Not Secure] Heroico  XxMatos15 : ya
[00:39:59] [Async Chat Thread - #53/INFO]: [Not Secure] Heroico  XxMatos15 : pera
[00:41:12] [Async Chat Thread - #55/INFO]: [Not Secure] Owner Churrupakin : avanza p q tengo q comer xdddd
[00:41:30] [Server thread/INFO]: Churrupakin issued server command: /gamemode spectator
[00:41:41] [Server thread/INFO]: Churrupakin issued server command: /tp -1700 70 500
[00:41:50] [Async Chat Thread - #55/INFO]: [Not Secure] Heroico  XxMatos15 : 1274.116/63.00000/-1907.311
[00:42:10] [Server thread/INFO]: Churrupakin issued server command: /tp XxMatos15 1270 64 -1907
[00:42:14] [Server thread/INFO]: Churrupakin issued server command: /tp XxMatos15
